     1                                  extern printf
     2                                  extern rand
     3                                  
     4                                  extern RECTANGLE
     5                                  extern TRIANGLE
     6                                  extern CIRCLE
     7                                  
     8                                  
     9                                  global RandomType
    10                                  RandomType:
    11                                  section .data
    12 00000000 0300000000000000            .i3     dq      3
    13 00000008 52616E646F6D206E75-         .rndNumFmt       db "Random number = %d",10,0
    13 00000011 6D626572203D202564-
    13 0000001A 0A00               
    14                                  section .text
    15 00000000 55                      push rbp
    16 00000001 4889E5                  mov rbp, rsp
    17                                  
    18 00000004 4831C0                      xor     rax, rax    ;
    19 00000007 E8(00000000)                call    rand        ; запуск генератора случайных чисел
    20 0000000C 4831D2                      xor     rdx, rdx    ; обнуление перед делением
    21 0000000F 48F73C25[00000000]          idiv    qword[.i3]       ; (/%) -> остаток в rdx
    22 00000017 4889D0                      mov     rax, rdx
    23 0000001A 48FFC0                      inc     rax         ; должно сформироваться случайное число
    24                                  
    25 0000001D C9                      leave
    26 0000001E C3                      ret
    27                                  
    28                                  global RandomColor
    29                                  RandomColor:
    30                                  section .data
    31 0000001C 0700000000000000            .i7     dq      7
    32 00000024 52616E646F6D206E75-         .rndNumFmt       db "Random number = %d",10,0
    32 0000002D 6D626572203D202564-
    32 00000036 0A00               
    33                                  section .text
    34 0000001F 55                      push rbp
    35 00000020 4889E5                  mov rbp, rsp
    36                                  
    37 00000023 4831C0                      xor     rax, rax    ;
    38 00000026 E8(00000000)                call    rand        ; запуск генератора случайных чисел
    39 0000002B 4831D2                      xor     rdx, rdx    ; обнуление перед делением
    40 0000002E 48F73C25[1C000000]          idiv    qword[.i7]       ; (/%) -> остаток в rdx
    41 00000036 4889D0                      mov     rax, rdx
    42 00000039 48FFC0                      inc     rax         ; должно сформироваться случайное число
    43                                  
    44 0000003C C9                      leave
    45 0000003D C3                      ret
    46                                  
    47                                  global Random
    48                                  Random:
    49                                  section .data
    50 00000038 6400000000000000            .i100     dq      100
    51 00000040 52616E646F6D206E75-         .rndNumFmt       db "Random number = %d",10,0
    51 00000049 6D626572203D202564-
    51 00000052 0A00               
    52                                  section .text
    53 0000003E 55                      push rbp
    54 0000003F 4889E5                  mov rbp, rsp
    55                                  
    56 00000042 4831C0                      xor     rax, rax    ;
    57 00000045 E8(00000000)                call    rand        ; запуск генератора случайных чисел
    58 0000004A 4831D2                      xor     rdx, rdx    ; обнуление перед делением
    59 0000004D 48F73C25[38000000]          idiv    qword[.i100]       ; (/%) -> остаток в rdx
    60 00000055 4889D0                      mov     rax, rdx
    61 00000058 48FFC0                      inc     rax         ; должно сформироваться случайное число
    62                                  
    63 0000005B C9                      leave
    64 0000005C C3                      ret
    65                                  
    66                                  global InRndRectangle
    67                                  InRndRectangle:
    68                                  section .bss
    69 00000000 <res 00000008>              .prect  resq 1   ; адрес прямоугольника
    70                                  section .text
    71 0000005D 55                      push rbp
    72 0000005E 4889E5                  mov rbp, rsp
    73                                  
    74                                      ; В rdi адрес прямоугольника
    75 00000061 48893C25[00000000]          mov     [.prect], rdi
    76                                      ; Генерация сторон прямоугольника
    77 00000069 E8D0FFFFFF                  call    Random
    78 0000006E 488B1C25[00000000]          mov     rbx, [.prect]
    79 00000076 8903                        mov     [rbx], eax
    80 00000078 E8C1FFFFFF                  call    Random
    81 0000007D 488B1C25[00000000]          mov     rbx, [.prect]
    82 00000085 894304                      mov     [rbx+4], eax
    83 00000088 E8B1FFFFFF                  call    Random
    84 0000008D 488B1C25[00000000]          mov     rbx, [.prect]
    85 00000095 894308                      mov     [rbx+8], eax
    86 00000098 E8A1FFFFFF                  call    Random
    87 0000009D 488B1C25[00000000]          mov     rbx, [.prect]
    88 000000A5 89430C                      mov     [rbx+12], eax
    89 000000A8 E872FFFFFF                  call    RandomColor
    90 000000AD 488B1C25[00000000]          mov     rbx, [.prect]
    91 000000B5 894310                      mov     [rbx+16], eax
    92                                  
    93 000000B8 C9                      leave
    94 000000B9 C3                      ret
    95                                  
    96                                  
    97                                  global InRndTriangle
    98                                  InRndTriangle:
    99                                  section .bss
   100 00000008 <res 00000008>              .ptrian  resq 1   ; адрес треугольника
   101                                  section .text
   102 000000BA 55                      push rbp
   103 000000BB 4889E5                  mov rbp, rsp
   104                                  
   105                                      ; В rdi адрес треугольника
   106 000000BE 48893C25[08000000]          mov     [.ptrian], rdi
   107                                      ; Генерация сторон треугольника
   108 000000C6 E873FFFFFF                  call    Random
   109 000000CB 488B1C25[08000000]          mov     rbx, [.ptrian]
   110 000000D3 8903                        mov     [rbx], eax
   111 000000D5 E864FFFFFF                  call    Random
   112 000000DA 488B1C25[08000000]          mov     rbx, [.ptrian]
   113 000000E2 894304                      mov     [rbx+4], eax
   114 000000E5 E854FFFFFF                  call    Random
   115 000000EA 488B1C25[08000000]          mov     rbx, [.ptrian]
   116 000000F2 894308                      mov     [rbx+8], eax
   117 000000F5 E844FFFFFF                  call    Random
   118 000000FA 488B1C25[08000000]          mov     rbx, [.ptrian]
   119 00000102 89430C                      mov     [rbx+12], eax
   120 00000105 E834FFFFFF                  call    Random
   121 0000010A 488B1C25[08000000]          mov     rbx, [.ptrian]
   122 00000112 894310                      mov     [rbx+16], eax
   123 00000115 E824FFFFFF                  call    Random
   124 0000011A 488B1C25[08000000]          mov     rbx, [.ptrian]
   125 00000122 894314                      mov     [rbx+20], eax
   126 00000125 E8F5FEFFFF                  call    RandomColor
   127 0000012A 488B1C25[08000000]          mov     rbx, [.ptrian]
   128 00000132 894318                      mov     [rbx+24], eax
   129                                  
   130 00000135 C9                      leave
   131 00000136 C3                      ret
   132                                  
   133                                  
   134                                  global InRndCircle
   135                                  InRndCircle:
   136                                  section .bss
   137 00000010 <res 00000008>              .pcirc  resq 1   ; адрес круга
   138                                  section .text
   139 00000137 55                      push rbp
   140 00000138 4889E5                  mov rbp, rsp
   141                                  
   142                                      ; В rdi адрес круга
   143 0000013B 48893C25[10000000]          mov     [.pcirc], rdi
   144                                      ; Генерация сторон круга
   145 00000143 E8F6FEFFFF                  call    Random
   146 00000148 488B1C25[10000000]          mov     rbx, [.pcirc]
   147 00000150 8903                        mov     [rbx], eax
   148 00000152 E8E7FEFFFF                  call    Random
   149 00000157 488B1C25[10000000]          mov     rbx, [.pcirc]
   150 0000015F 894304                      mov     [rbx+4], eax
   151 00000162 E8D7FEFFFF                  call    Random
   152 00000167 488B1C25[10000000]          mov     rbx, [.pcirc]
   153 0000016F 894308                      mov     [rbx+8], eax
   154 00000172 E8A8FEFFFF                  call    RandomColor
   155 00000177 488B1C25[10000000]          mov     rbx, [.pcirc]
   156 0000017F 89430C                      mov     [rbx+12], eax
   157                                  
   158 00000182 C9                      leave
   159 00000183 C3                      ret
   160                                  
   161                                  global InRndShape
   162                                  InRndShape:
   163                                  section .data
   164 00000054 52616E646F6D206E75-         .rndNumFmt       db "Random number = %d",10,0
   164 0000005D 6D626572203D202564-
   164 00000066 0A00               
   165                                  section .bss
   166 00000018 <res 00000008>              .pshape     resq    1   ; адрес фигуры
   167 00000020 <res 00000004>              .key        resd    1   ; ключ
   168                                  section .text
   169 00000184 55                      push rbp
   170 00000185 4889E5                  mov rbp, rsp
   171                                    ; В rdi адрес фигуры
   172 00000188 48893C25[18000000]          mov [.pshape], rdi
   173                                  
   174                                      ; Формирование признака фигуры
   175 00000190 4831C0                      xor     rax, rax    ;
   176 00000193 E868FEFFFF                  call    RandomType        ; запуск генератора случайных чисел
   177 00000198 488B3C25[18000000]          mov     rdi, [.pshape]
   178 000001A0 8907                        mov     [rdi], eax      ; запись ключа в фигуру
   179 000001A2 3B0425[00000000]            cmp eax, [RECTANGLE]
   180 000001A9 7416                        je .rectInrnd
   181 000001AB 3B0425[00000000]            cmp eax, [TRIANGLE]
   182 000001B2 741D                        je .trianInRnd
   183 000001B4 3B0425[00000000]            cmp eax, [CIRCLE]
   184 000001BB 7424                        je .circInRnd
   185 000001BD 31C0                        xor eax, eax        ; код возврата = 0
   186 000001BF EB30                        jmp     .return
   187                                  .rectInrnd:
   188                                      ; Генерация прямоугольника
   189 000001C1 4883C704                    add     rdi, 4
   190 000001C5 E893FEFFFF                  call    InRndRectangle
   191 000001CA B801000000                  mov     eax, 1      ;код возврата = 1
   192 000001CF EB20                        jmp     .return
   193                                  .trianInRnd:
   194                                      ; Генерация треугольника
   195 000001D1 4883C704                    add     rdi, 4
   196 000001D5 E8E0FEFFFF                  call    InRndTriangle
   197 000001DA B801000000                  mov     eax, 1      ;код возврата = 1
   198 000001DF EB10                        jmp     .return
   199                                  .circInRnd:
   200                                      ; Генерация круга
   201 000001E1 4883C704                    add     rdi, 4
   202 000001E5 E84DFFFFFF                  call    InRndCircle
   203 000001EA B801000000                  mov     eax, 1      ;код возврата = 1
   204 000001EF EB00                        jmp     .return
   205                                  .return:
   206 000001F1 C9                      leave
   207 000001F2 C3                      ret
   208                                  
   209                                  global InRndContainer
   210                                  InRndContainer:
   211                                  section .bss
   212 00000024 <res 00000008>              .pcont  resq    1   ; адрес контейнера
   213 0000002C <res 00000008>              .plen   resq    1   ; адрес для сохранения числа введенных элементов
   214 00000034 <res 00000004>              .psize  resd    1   ; число порождаемых элементов
   215                                  section .text
   216 000001F3 55                      push rbp
   217 000001F4 4889E5                  mov rbp, rsp
   218                                  
   219 000001F7 48893C25[24000000]          mov [.pcont], rdi   ; сохраняется указатель на контейнер
   220 000001FF 48893425[2C000000]          mov [.plen], rsi    ; сохраняется указатель на длину
   221 00000207 891425[34000000]            mov [.psize], edx    ; сохраняется число порождаемых элементов
   222                                      ; В rdi адрес начала контейнера
   223 0000020E 31DB                        xor ebx, ebx        ; число фигур = 0
   224                                  .loop:
   225 00000210 39D3                        cmp ebx, edx
   226 00000212 7D1A                        jge     .return
   227                                      ; сохранение рабочих регистров
   228 00000214 57                          push rdi
   229 00000215 53                          push rbx
   230 00000216 52                          push rdx
   231                                  
   232 00000217 E868FFFFFF                  call    InRndShape     ; ввод фигуры
   233 0000021C 4883F800                    cmp rax, 0          ; проверка успешности ввода
   234 00000220 7E0C                        jle  .return        ; выход, если признак меньше или равен 0
   235                                  
   236 00000222 5A                          pop rdx
   237 00000223 5B                          pop rbx
   238 00000224 48FFC3                      inc rbx
   239                                  
   240 00000227 5F                          pop rdi
   241 00000228 4883C720                    add rdi, 32             ; адрес следующей фигуры
   242                                  
   243 0000022C EBE2                        jmp .loop
   244                                  .return:
   245 0000022E 488B0425[2C000000]          mov rax, [.plen]    ; перенос указателя на длину
   246 00000236 8918                        mov [rax], ebx      ; занесение длины
   247                                      
   248 00000238 C9                      leave
   249 00000239 C3                      ret
