     1                                  ; file.asm - использование файлов в NASM
     2                                  extern printf
     3                                  extern fprintf
     4                                  
     5                                  extern CircleS
     6                                  extern RectangleS
     7                                  extern TriangleS
     8                                  
     9                                  
    10                                  extern RECTANGLE
    11                                  extern TRIANGLE
    12                                  extern CIRCLE
    13                                  
    14                                  extern  red
    15                                  extern  orange
    16                                  extern  yellow
    17                                  extern  green
    18                                  extern  light_blue
    19                                  extern  blue
    20                                  extern  purple
    21                                  extern  redstr
    22                                  extern  orangestr
    23                                  extern  yellowstr
    24                                  extern  greenstr
    25                                  extern  light_bluestr
    26                                  extern  bluestr
    27                                  extern  purplestr
    28                                  
    29                                  
    30                                  
    31                                  global OutRectangle
    32                                  OutRectangle:
    33                                  section .data
    34 00000000 497420697320526563-         .outfmt1 db "It is Rectangle: x1 = %d, y1 = %d, x2 = %d, ",0 
    34 00000009 74616E676C653A2078-
    34 00000012 31203D2025642C2079-
    34 0000001B 31203D2025642C2078-
    34 00000024 32203D2025642C2000 
    35 0000002D 7932203D2025642E20-         .outfmt2 db "y2 = %d. S = %f. ",0 
    35 00000036 53203D2025662E2000 
    36 0000003F 436F6C6F72203D2025-         .outfmtcolor db "Color = %s",10,0
    36 00000048 730A00             
    37                                  section .bss
    38 00000000 <res 00000008>              .prect  resq  1
    39 00000008 <res 00000008>              .FILE   resq  1       ; временное хранение указателя на файл
    40 00000010 <res 00000008>              .s      resq  1       ; вычисленная площадь прямоугольника
    41                                  section .text
    42 00000000 55                      push rbp
    43 00000001 4889E5                  mov rbp, rsp
    44                                  
    45                                      ; Сохранени принятых аргументов
    46 00000004 48893C25[00000000]          mov     [.prect], rdi          ; сохраняется адрес прямоугольника
    47 0000000C 48893425[08000000]          mov     [.FILE], rsi          ; сохраняется указатель на файл
    48                                  
    49                                      ; Вычисление площади прямоугольника (адрес уже в rdi)
    50 00000014 E8(00000000)                call    RectangleS
    51 00000019 F20F110425-                 movsd   [.s], xmm0          ; сохранение (может лишнее) площади
    51 0000001E [10000000]         
    52                                  
    53                                  
    54                                      ; Вывод информации о прямоугольнике в файл
    55 00000022 488B3C25[08000000]          mov     rdi, [.FILE]
    56 0000002A 48BE-                       mov     rsi, .outfmt1        ; Формат - 2-й аргумент
    56 0000002C [0000000000000000] 
    57 00000034 488B0425[00000000]          mov     rax, [.prect]       ; адрес прямоугольника
    58 0000003C 8B10                        mov     edx, [rax]          ; color
    59 0000003E 8B4804                      mov     ecx, [rax+4]        ; x1
    60 00000041 4C8B4008                    mov     r8,  [rax+8]        ; y1
    61 00000045 B800000000                  mov     rax, 0
    62 0000004A E8(00000000)                call    fprintf
    63                                      
    64                                      
    65 0000004F 488B3C25[08000000]          mov     rdi, [.FILE]
    66 00000057 48BE-                       mov     rsi, .outfmt2        ; Формат - 2-й аргумент
    66 00000059 [2D00000000000000] 
    67 00000061 488B0425[00000000]          mov     rax, [.prect]       ; адрес прямоугольника
    68 00000069 8B500C                      mov     edx, [rax+12]          ; color
    69 0000006C F20F100425-                 movsd   xmm0, [.s]
    69 00000071 [10000000]         
    70 00000075 B801000000                  mov     rax, 1              ; есть числа с плавающей точкой
    71 0000007A E8(00000000)                call    fprintf
    72                                  
    73 0000007F 488B3C25[08000000]          mov rdi, [.FILE]
    74 00000087 48BE-                       mov rsi, .outfmtcolor
    74 00000089 [3F00000000000000] 
    75 00000091 488B0425[00000000]          mov rax, [.prect]
    76 00000099 8B5010                      mov edx, [rax+16]
    77 0000009C 3B1425[00000000]            cmp edx, [red]
    78 000000A3 7438                        je rRed
    79 000000A5 3B1425[00000000]            cmp edx, [orange]
    80 000000AC 7440                        je rOrange
    81 000000AE 3B1425[00000000]            cmp edx, [yellow]
    82 000000B5 7448                        je rYellow
    83 000000B7 3B1425[00000000]            cmp edx, [green]
    84 000000BE 7450                        je rGreen
    85 000000C0 3B1425[00000000]            cmp edx, [light_blue]
    86 000000C7 7458                        je rLight_blue
    87 000000C9 3B1425[00000000]            cmp edx, [blue]
    88 000000D0 7460                        je rBlue
    89 000000D2 3B1425[00000000]            cmp edx, [purple]
    90 000000D9 7468                        je rPurple
    91 000000DB EB77                        jmp endR
    92                                  
    93                                      
    94                                      rRed:
    95 000000DD BA[00000000]                mov edx, redstr
    96 000000E2 B800000000                  mov rax, 0
    97 000000E7 E8(00000000)                call fprintf
    98 000000EC EB66                        jmp endR
    99                                      rOrange:
   100 000000EE BA[00000000]                mov edx, orangestr
   101 000000F3 B800000000                  mov rax, 0
   102 000000F8 E8(00000000)                call fprintf
   103 000000FD EB55                        jmp endR
   104                                      rYellow:
   105 000000FF BA[00000000]                mov edx, yellowstr
   106 00000104 B800000000                  mov rax, 0
   107 00000109 E8(00000000)                call fprintf
   108 0000010E EB44                        jmp endR
   109                                      rGreen:
   110 00000110 BA[00000000]                mov edx, greenstr
   111 00000115 B800000000                  mov rax, 0
   112 0000011A E8(00000000)                call fprintf
   113 0000011F EB33                        jmp endR
   114                                      rLight_blue:
   115 00000121 BA[00000000]                mov edx, light_bluestr
   116 00000126 B800000000                  mov rax, 0
   117 0000012B E8(00000000)                call fprintf
   118 00000130 EB22                        jmp endR
   119                                      rBlue:
   120 00000132 BA[00000000]                mov edx, bluestr
   121 00000137 B800000000                  mov rax, 0
   122 0000013C E8(00000000)                call fprintf
   123 00000141 EB11                        jmp endR
   124                                      rPurple:
   125 00000143 BA[00000000]                mov edx, purplestr
   126 00000148 B800000000                  mov rax, 0
   127 0000014D E8(00000000)                call fprintf
   128 00000152 EB00                        jmp endR
   129                                      
   130                                  endR:  
   131 00000154 C9                      leave
   132 00000155 C3                      ret
   133                                  
   134                                  
   135                                  
   136                                  global OutTriangle
   137                                  OutTriangle:
   138                                  section .data
   139 0000004B 497420697320547269-         .outfmt1 db "It is Triangle: x1 = %d, y1 = %d, x2 = %d, ",0   ;color = %s
   139 00000054 616E676C653A207831-
   139 0000005D 203D2025642C207931-
   139 00000066 203D2025642C207832-
   139 0000006F 203D2025642C2000   
   140 00000077 7932203D2025642C20-         .outfmt2 db "y2 = %d, x3 = %d, y3 = %d. S = %f. ",0
   140 00000080 7833203D2025642C20-
   140 00000089 7933203D2025642E20-
   140 00000092 53203D2025662E2000 
   141 0000009B 436F6C6F72203D2025-         .outfmtcolor db "Color = %s",10,0
   141 000000A4 730A00             
   142                                  section .bss
   143 00000018 <res 00000008>              .ptrian resq  1
   144 00000020 <res 00000008>              .FILE   resq  1       ; временное хранение указателя на файл
   145 00000028 <res 00000008>              .s      resq  1       ; вычисленная площадь треугольника
   146                                  section .text
   147 00000156 55                      push rbp
   148 00000157 4889E5                  mov rbp, rsp
   149                                  
   150                                      ; Сохранени принятых аргументов
   151 0000015A 48893C25[18000000]          mov     [.ptrian], rdi          ; сохраняется адрес треугольника
   152 00000162 48893425[20000000]          mov     [.FILE], rsi          ; сохраняется указатель на файл
   153                                  
   154                                      ; Вычисление площади треугольника (адрес уже в rdi)
   155 0000016A E8(00000000)               call    TriangleS
   156 0000016F F20F110425-                movsd   [.s], xmm0          ; сохранение (может лишнее) площади
   156 00000174 [28000000]         
   157                                  
   158                                  
   159                                      ; Вывод информации о треугольнике в файл
   160 00000178 488B3C25[20000000]          mov     rdi, [.FILE]
   161 00000180 48BE-                       mov     rsi, .outfmt1        ; Формат - 2-й аргумент
   161 00000182 [4B00000000000000] 
   162 0000018A 488B0425[18000000]          mov     rax, [.ptrian]       ; адрес треугольника
   163 00000192 8B10                        mov     edx, [rax]          ; color
   164 00000194 8B4804                      mov     ecx, [rax+4]        ; x1
   165 00000197 4C8B4008                    mov     r8,  [rax+8]        ; y1
   166 0000019B B800000000                  mov     rax, 0             ; есть числа с плавающей точкой
   167 000001A0 E8(00000000)                call    fprintf
   168                                      
   169                                      
   170 000001A5 488B3C25[20000000]          mov     rdi, [.FILE]
   171 000001AD 48BE-                       mov     rsi, .outfmt2        ; Формат - 2-й аргумент
   171 000001AF [7700000000000000] 
   172 000001B7 488B0425[18000000]          mov     rax, [.ptrian]       ; адрес треугольника
   173 000001BF 8B500C                      mov     edx, [rax+12]          ; color
   174 000001C2 8B4810                      mov     ecx, [rax+16]        ; x1
   175 000001C5 4C8B4014                    mov     r8,  [rax+20]        ; y1
   176 000001C9 F20F100425-                 movsd   xmm0, [.s]
   176 000001CE [28000000]         
   177 000001D2 B801000000                  mov     rax, 1             ; есть числа с плавающей точкой
   178 000001D7 E8(00000000)                call    fprintf
   179                                  
   180 000001DC 488B3C25[20000000]          mov rdi, [.FILE]
   181 000001E4 48BE-                       mov rsi, .outfmtcolor
   181 000001E6 [9B00000000000000] 
   182 000001EE 488B0425[18000000]          mov rax, [.ptrian]
   183 000001F6 8B5018                      mov edx, [rax+24]
   184 000001F9 3B1425[00000000]            cmp edx, [red]
   185 00000200 7438                        je tRed
   186 00000202 3B1425[00000000]            cmp edx, [orange]
   187 00000209 7440                        je tOrange
   188 0000020B 3B1425[00000000]            cmp edx, [yellow]
   189 00000212 7448                        je tYellow
   190 00000214 3B1425[00000000]            cmp edx, [green]
   191 0000021B 7450                        je tGreen
   192 0000021D 3B1425[00000000]            cmp edx, [light_blue]
   193 00000224 7458                        je tLight_blue
   194 00000226 3B1425[00000000]            cmp edx, [blue]
   195 0000022D 7460                        je tBlue
   196 0000022F 3B1425[00000000]            cmp edx, [purple]
   197 00000236 7468                        je tPurple
   198 00000238 EB77                        jmp endT
   199                                  
   200                                      
   201                                      tRed:
   202 0000023A BA[00000000]                mov edx, redstr
   203 0000023F B800000000                  mov rax, 0
   204 00000244 E8(00000000)                call fprintf
   205 00000249 EB66                        jmp endT
   206                                      tOrange:
   207 0000024B BA[00000000]                mov edx, orangestr
   208 00000250 B800000000                  mov rax, 0
   209 00000255 E8(00000000)                call fprintf
   210 0000025A EB55                        jmp endT
   211                                      tYellow:
   212 0000025C BA[00000000]                mov edx, yellowstr
   213 00000261 B800000000                  mov rax, 0
   214 00000266 E8(00000000)                call fprintf
   215 0000026B EB44                        jmp endT
   216                                      tGreen:
   217 0000026D BA[00000000]                mov edx, greenstr
   218 00000272 B800000000                  mov rax, 0
   219 00000277 E8(00000000)                call fprintf
   220 0000027C EB33                        jmp endT
   221                                      tLight_blue:
   222 0000027E BA[00000000]                mov edx, light_bluestr
   223 00000283 B800000000                  mov rax, 0
   224 00000288 E8(00000000)                call fprintf
   225 0000028D EB22                        jmp endT
   226                                      tBlue:
   227 0000028F BA[00000000]                mov edx, bluestr
   228 00000294 B800000000                  mov rax, 0
   229 00000299 E8(00000000)                call fprintf
   230 0000029E EB11                        jmp endT
   231                                      tPurple:
   232 000002A0 BA[00000000]                mov edx, purplestr
   233 000002A5 B800000000                  mov rax, 0
   234 000002AA E8(00000000)                call fprintf
   235 000002AF EB00                        jmp endT
   236                                      
   237                                  endT:  
   238 000002B1 C9                      leave
   239 000002B2 C3                      ret
   240                                  
   241                                  
   242                                  global OutCircle
   243                                  OutCircle:
   244                                  section .data
   245 000000A7 497420697320436972-         .outfmt db "It is Circle: x = %d, y = %d, R = %d. S = %f. ",0 
   245 000000B0 636C653A2078203D20-
   245 000000B9 25642C2079203D2025-
   245 000000C2 642C2052203D202564-
   245 000000CB 2E2053203D2025662E-
   245 000000D4 2000               
   246 000000D6 436F6C6F72203D2025-         .outfmtcolor db "Color = %s",10,0
   246 000000DF 730A00             
   247                                  section .bss
   248 00000030 <res 00000008>              .pcirc  resq  1
   249 00000038 <res 00000008>              .FILE   resq  1       ; временное хранение указателя на файл
   250 00000040 <res 00000008>              .s      resq  1       ; вычисленная площадь круга
   251                                  section .text
   252 000002B3 55                      push rbp
   253 000002B4 4889E5                  mov rbp, rsp
   254                                   
   255                                      ; Сохранени принятых аргументов
   256 000002B7 48893C25[30000000]          mov     [.pcirc], rdi          ; сохраняется адрес круга
   257 000002BF 48893425[38000000]          mov     [.FILE], rsi          ; сохраняется указатель на файл
   258                                  
   259                                      ; Вычисление площади круга (адрес уже в rdi)
   260 000002C7 E8(00000000)                call    CircleS
   261 000002CC F20F110425-                 movsd   [.s], xmm0          ; сохранение (может лишнее) площади
   261 000002D1 [40000000]         
   262                                      
   263                                      ; Вывод информации о круге в файл
   264 000002D5 488B3C25[38000000]          mov     rdi, [.FILE]
   265 000002DD 48BE-                       mov     rsi, .outfmt        ; Формат - 2-й аргумент
   265 000002DF [A700000000000000] 
   266 000002E7 488B0425[30000000]          mov     rax, [.pcirc]       ; адрес круга
   267 000002EF 8B10                        mov     edx, [rax]          ; color
   268 000002F1 8B4804                      mov     ecx, [rax+4]        ; x
   269 000002F4 4C8B4008                    mov     r8,  [rax+8]        ; y
   270 000002F8 F20F100425-                 movsd   xmm0, [.s]
   270 000002FD [40000000]         
   271 00000301 B801000000                  mov     rax, 1              ; есть числа с плавающей точкой
   272 00000306 E8(00000000)                call    fprintf
   273                                      
   274                                      
   275                                      
   276 0000030B 488B3C25[38000000]          mov rdi, [.FILE]
   277 00000313 48BE-                       mov rsi, .outfmtcolor
   277 00000315 [D600000000000000] 
   278 0000031D 488B0425[30000000]          mov rax, [.pcirc]
   279 00000325 8B500C                      mov edx, [rax+12]
   280 00000328 3B1425[00000000]            cmp edx, [red]
   281 0000032F 7438                        je cRed
   282 00000331 3B1425[00000000]            cmp edx, [orange]
   283 00000338 7440                        je cOrange
   284 0000033A 3B1425[00000000]            cmp edx, [yellow]
   285 00000341 7448                        je cYellow
   286 00000343 3B1425[00000000]            cmp edx, [green]
   287 0000034A 7450                        je cGreen
   288 0000034C 3B1425[00000000]            cmp edx, [light_blue]
   289 00000353 7458                        je cLight_blue
   290 00000355 3B1425[00000000]            cmp edx, [blue]
   291 0000035C 7460                        je cBlue
   292 0000035E 3B1425[00000000]            cmp edx, [purple]
   293 00000365 7468                        je cPurple
   294 00000367 EB77                        jmp endC
   295                                  
   296                                      
   297                                      cRed:
   298 00000369 BA[00000000]                mov edx, redstr
   299 0000036E B800000000                  mov rax, 0
   300 00000373 E8(00000000)                call fprintf
   301 00000378 EB66                        jmp endC
   302                                      cOrange:
   303 0000037A BA[00000000]                mov edx, orangestr
   304 0000037F B800000000                  mov rax, 0
   305 00000384 E8(00000000)                call fprintf
   306 00000389 EB55                        jmp endC
   307                                      cYellow:
   308 0000038B BA[00000000]                mov edx, yellowstr
   309 00000390 B800000000                  mov rax, 0
   310 00000395 E8(00000000)                call fprintf
   311 0000039A EB44                        jmp endC
   312                                      cGreen:
   313 0000039C BA[00000000]                mov edx, greenstr
   314 000003A1 B800000000                  mov rax, 0
   315 000003A6 E8(00000000)                call fprintf
   316 000003AB EB33                        jmp endC
   317                                      cLight_blue:
   318 000003AD BA[00000000]                mov edx, light_bluestr
   319 000003B2 B800000000                  mov rax, 0
   320 000003B7 E8(00000000)                call fprintf
   321 000003BC EB22                        jmp endC
   322                                      cBlue:
   323 000003BE BA[00000000]                mov edx, bluestr
   324 000003C3 B800000000                  mov rax, 0
   325 000003C8 E8(00000000)                call fprintf
   326 000003CD EB11                        jmp endC
   327                                      cPurple:
   328 000003CF BA[00000000]                mov edx, purplestr
   329 000003D4 B800000000                  mov rax, 0
   330 000003D9 E8(00000000)                call fprintf
   331 000003DE EB00                        jmp endC
   332                                      
   333                                  endC:  
   334 000003E0 C9                      leave
   335 000003E1 C3                      ret
   336                                  
   337                                  
   338                                  
   339                                  global OutShape
   340                                  OutShape:
   341                                  section .data
   342 000000E2 496E636F7272656374-         .erShape     db "Incorrect figure!",10,0
   342 000000EB 20666967757265210A-
   342 000000F4 00                 
   343                                      
   344                                  section .text
   345 000003E2 55                      push rbp
   346 000003E3 4889E5                  mov rbp, rsp
   347                                      ; В rdi адрес фигуры
   348 000003E6 8B07                        mov eax, [rdi]
   349 000003E8 3B0425[00000000]            cmp eax, [RECTANGLE]
   350 000003EF 7428                        je rectOut
   351 000003F1 3B0425[00000000]            cmp eax, [TRIANGLE]
   352 000003F8 742A                        je trianOut
   353 000003FA 3B0425[00000000]            cmp eax, [CIRCLE]
   354 00000401 742C                        je circOut
   355 00000403 48BF-                       mov rdi, .erShape
   355 00000405 [E200000000000000] 
   356 0000040D B800000000                  mov rax, 0
   357 00000412 E8(00000000)                call fprintf
   358 00000417 EB21                        jmp     return
   359                                  rectOut:
   360                                      ; Вывод прямоугольника
   361 00000419 4883C704                    add     rdi, 4
   362 0000041D E8DEFBFFFF                  call    OutRectangle
   363 00000422 EB16                        jmp     return
   364                                  trianOut:
   365                                      ; Вывод треугольника
   366 00000424 4883C704                    add     rdi, 4
   367 00000428 E829FDFFFF                  call    OutTriangle
   368 0000042D EB0B                        jmp     return
   369                                  circOut:
   370                                      ; Вывод круга
   371 0000042F 4883C704                    add     rdi, 4
   372 00000433 E87BFEFFFF                  call    OutCircle
   373 00000438 EB00                        jmp     return
   374                                  return:
   375 0000043A C9                      leave
   376 0000043B C3                      ret
   377                                  
   378                                  
   379                                  
   380                                  
   381                                  
   382                                  
   383                                  
   384                                  
   385                                  
   386                                  
   387                                  
   388                                  
   389                                  
   390                                  global OutContainer
   391                                  OutContainer:
   392                                  section .data
   393 000000F5 25643A2000                  numFmt  db  "%d: ",0
   394                                  section .bss
   395 00000048 <res 00000008>              .pcont  resq    1   ; адрес контейнера
   396 00000050 <res 00000004>              .len    resd    1   ; адрес для сохранения числа введенных элементов
   397 00000054 <res 00000008>              .FILE   resq    1   ; указатель на файл
   398                                  section .text
   399 0000043C 55                      push rbp
   400 0000043D 4889E5                  mov rbp, rsp
   401                                  
   402 00000440 48893C25[48000000]          mov [.pcont], rdi   ; сохраняется указатель на контейнер
   403 00000448 893425[50000000]            mov [.len],   esi     ; сохраняется число элементов
   404 0000044F 48891425[54000000]          mov [.FILE],  rdx    ; сохраняется указатель на файл
   405                                  
   406                                      ; В rdi адрес начала контейнера
   407 00000457 4889F3                      mov rbx, rsi            ; число фигур
   408 0000045A 31C9                        xor ecx, ecx            ; счетчик фигур = 0
   409 0000045C 4889D6                      mov rsi, rdx            ; перенос указателя на файл
   410                                  .loop:
   411 0000045F 39D9                        cmp ecx, ebx            ; проверка на окончание цикла
   412 00000461 7D4D                        jge .return             ; Перебрали все фигуры
   413                                  
   414 00000463 53                          push rbx
   415 00000464 51                          push rcx
   416                                  
   417                                      ; Вывод номера фигуры
   418 00000465 488B3C25[54000000]          mov     rdi, [.FILE]    ; текущий указатель на файл
   419 0000046D 48BE-                       mov     rsi, numFmt     ; формат для вывода фигуры
   419 0000046F [F500000000000000] 
   420 00000477 89CA                        mov     edx, ecx        ; индекс текущей фигуры
   421 00000479 4831C0                      xor     rax, rax,       ; только целочисленные регистры
   422 0000047C E8(00000000)                call fprintf
   423                                  
   424                                      ; Вывод текущей фигуры
   425 00000481 488B3C25[48000000]          mov     rdi, [.pcont]
   426 00000489 488B3425[54000000]          mov     rsi, [.FILE]
   427 00000491 E84CFFFFFF                  call OutShape     ; Получение периметра первой фигуры
   428                                  
   429 00000496 59                          pop rcx
   430 00000497 5B                          pop rbx
   431 00000498 FFC1                        inc ecx                 ; индекс следующей фигуры
   432                                  
   433 0000049A 488B0425[48000000]          mov     rax, [.pcont]
   434 000004A2 4883C020                    add     rax, 32         ; адрес следующей фигуры
   435 000004A6 48890425[48000000]          mov     [.pcont], rax
   436 000004AE EBAF                        jmp .loop
   437                                  .return:
   438 000004B0 C9                      leave
   439 000004B1 C3                      ret
   440                                  
