     1                                  extern CIRCLE
     2                                  extern RECTANGLE
     3                                  extern TRIANGLE
     4                                  
     5                                  global RectangleS
     6                                  RectangleS:
     7                                  section .bss
     8 00000000 <res 00000004>              .s   resd 1
     9                                  section .text
    10 00000000 55                      push rbp
    11 00000001 4889E5                  mov rbp, rsp
    12                                      ; В rdi адрес прямоугольника
    13 00000004 9BDBE3                      finit
    14 00000007 8B4708                      mov eax, [rdi+8] ;x2
    15 0000000A 2B07                        sub eax, [rdi]  ;x2-x1
    16 0000000C 8B5F04                      mov ebx, [rdi+4]  ;y2
    17 0000000F 2B5F0C                      sub ebx, [rdi+12] ;y1-y2
    18 00000012 0FAFC3                      imul eax, ebx  ; -или мул просто
    19 00000015 890425[00000000]            mov [.s], eax
    20 0000001C DB0425[00000000]            fild dword [.s]
    21 00000023 D9E1                        fabs
    22 00000025 DB1425[00000000]            fist dword [.s]
    23 0000002C 8B0425[00000000]            mov eax, [.s]
    24 00000033 F20F2AC0                    cvtsi2sd  xmm0, eax
    25                                     
    26 00000037 C9                      leave
    27 00000038 C3                      ret
    28                                  
    29                                  global TriangleS
    30                                  TriangleS:
    31                                  section .data
    32 00000000 0000003F                    .two dd 0.5
    33                                  section .bss
    34 00000004 <res 00000004>              .s   resd 1
    35                                  section .text
    36 00000039 55                      push rbp
    37 0000003A 4889E5                  mov rbp, rsp
    38 0000003D 9BDBE3                      finit
    39 00000040 8B4708                      mov eax, [rdi+8]
    40 00000043 2B07                        sub eax, [rdi] ;x2-x1
    41                                      
    42 00000045 448B4714                    mov r8d, [rdi+20]
    43 00000049 442B4704                    sub r8d, [rdi+4] ; y3-y1
    44                                      
    45 0000004D 448B4F10                    mov r9d, [rdi+16]
    46 00000051 442B0F                      sub r9d, [rdi] ; x3-x1
    47                                      
    48 00000054 448B570C                    mov r10d, [rdi+12]
    49 00000058 442B5704                    sub r10d, [rdi+4] ; y2-y1
    50                                      
    51 0000005C 410FAFC0                    imul eax, r8d
    52 00000060 450FAFCA                    imul r9d, r10d
    53                                  
    54 00000064 4429C8                      sub eax, r9d
    55 00000067 890425[04000000]            mov [.s], eax
    56 0000006E DB0425[04000000]            fild dword [.s]
    57                                      
    58 00000075 D9E1                        fabs
    59 00000077 D80C25[00000000]            fmul dword [.two]
    60 0000007E DB1425[04000000]            fist dword [.s]
    61 00000085 8B0425[04000000]            mov eax, [.s]
    62                                      
    63 0000008C F20F2AC0                    cvtsi2sd xmm0, eax
    64                                  
    65 00000090 C9                      leave
    66 00000091 C3                      ret
    67                                  
    68                                  global CircleS
    69                                  CircleS:
    70                                  section .data
    71 00000004 C3F54840                    .pi dd 3.14
    72                                  section .bss
    73 00000008 <res 00000008>              .s   resb 8
    74                                  section .text
    75 00000092 55                      push rbp
    76 00000093 4889E5                  mov rbp, rsp
    77                                  
    78 00000096 9BDBE3                      finit
    79 00000099 8B4708                      mov eax, [rdi+8]
    80 0000009C 890425[08000000]            mov [.s], eax
    81 000000A3 D90425[08000000]            fld dword [.s]
    82 000000AA DA0C25[08000000]            fimul dword [.s]
    83 000000B1 D80C25[04000000]            fmul dword [.pi]
    84 000000B8 D91425[08000000]            fst dword [.s]
    85 000000BF 8B0425[08000000]            mov eax, [.s]
    86 000000C6 F20F2AC0                    cvtsi2sd xmm0, eax
    87                                  
    88 000000CA C9                      leave
    89 000000CB C3                      ret
    90                                  
    91                                  global ShapeS
    92                                  ShapeS:
    93                                  section .text
    94 000000CC 55                      push rbp
    95 000000CD 4889E5                  mov rbp, rsp
    96                                      ; В rdi адрес фигуры
    97 000000D0 8B07                        mov eax, [rdi]
    98 000000D2 3B0425[00000000]            cmp eax, [RECTANGLE]
    99 000000D9 7412                        je rectS
   100 000000DB 3B0425[00000000]            cmp eax, [TRIANGLE]
   101 000000E2 7414                        je trianS
   102 000000E4 3B0425[00000000]            cmp eax, [CIRCLE]
   103 000000EB 7416                        je circS
   104                                  
   105                                  rectS:
   106                                      ; Вычисление периметра прямоугольника
   107 000000ED 4883C704                    add     rdi, 4
   108 000000F1 E80AFFFFFF                  call    RectangleS
   109 000000F6 EB16                        jmp     return
   110                                  trianS:
   111                                      ; Вычисление периметра треугольника
   112 000000F8 4883C704                    add     rdi, 4
   113 000000FC E838FFFFFF                  call    TriangleS
   114 00000101 EB0B                        jmp     return
   115                                  circS:
   116                                      ; Вычисление периметра прямоугольника
   117 00000103 4883C704                    add     rdi, 4
   118 00000107 E886FFFFFF                  call    CircleS
   119 0000010C EB00                        jmp     return
   120                                  return:
   121 0000010E C9                      leave
   122 0000010F C3                      ret
   123                                  
   124                                  global SSumContainer
   125                                  SSumContainer:
   126                                  section .data
   127 00000008 0000000000000000            .sum    dq  0.0
   128                                  section .text
   129 00000110 55                      push rbp
   130 00000111 4889E5                  mov rbp, rsp
   131                                  
   132                                      ; В rdi адрес начала контейнера
   133 00000114 89F3                        mov ebx, esi            ; число фигур
   134 00000116 31C9                        xor ecx, ecx            ; счетчик фигур
   135 00000118 F20F100C25-                 movsd xmm1, [.sum]      ; перенос накопителя суммы в регистр 1
   135 0000011D [08000000]         
   136                                  .loop:
   137 00000121 39D9                        cmp ecx, ebx            ; проверка на окончание цикла
   138 00000123 7D17                        jge .return             ; Перебрали все фигуры
   139                                  
   140 00000125 4989FA                      mov r10, rdi            ; сохранение начала фигуры
   141 00000128 E89FFFFFFF                  call ShapeS     ; Получение периметра первой фигуры
   142 0000012D F20F58C8                    addsd xmm1, xmm0        ; накопление суммы
   143 00000131 FFC1                        inc ecx                 ; индекс следующей фигуры
   144 00000133 4983C220                    add r10, 32             ; адрес следующей фигуры
   145 00000137 4C89D7                      mov rdi, r10            ; восстановление для передачи параметра
   146 0000013A EBE5                        jmp .loop
   147                                  .return:
   148 0000013C F20F10C1                    movsd xmm0, xmm1
   149 00000140 C9                      leave
   150 00000141 C3                      ret
